2021-11-17T22:47:37.911+0530 DEBUG startExtentReport() is triggered and extent report is started
2021-11-17T22:47:37.939+0530 DEBUG createNewTest(String desc, String testName) is triggered and new test is created with desc as Open Google and Search and testName as T001_Google
2021-11-17T22:47:38.196+0530 DEBUG Browser is about to open
2021-11-17T22:47:38.279+0530 DEBUG Using Log4J2 as the default logging framework
2021-11-17T22:47:38.285+0530 DEBUG -Dio.netty.leakDetection.level: simple
2021-11-17T22:47:38.285+0530 DEBUG -Dio.netty.leakDetection.targetRecords: 4
2021-11-17T22:47:38.291+0530 DEBUG Loaded default ResourceLeakDetector: io.netty.util.ResourceLeakDetector@65fac154
2021-11-17T22:47:38.316+0530 DEBUG -Dio.netty.noUnsafe: false
2021-11-17T22:47:38.316+0530 DEBUG Java version: 16
2021-11-17T22:47:38.321+0530 DEBUG sun.misc.Unsafe.theUnsafe: available
2021-11-17T22:47:38.322+0530 DEBUG sun.misc.Unsafe.copyMemory: available
2021-11-17T22:47:38.323+0530 DEBUG java.nio.Buffer.address: available
2021-11-17T22:47:38.325+0530 DEBUG direct buffer constructor: unavailable
java.lang.UnsupportedOperationException: Reflective setAccessible(true) disabled
	at io.netty.util.internal.ReflectionUtil.trySetAccessible(ReflectionUtil.java:31) ~[netty-common-4.1.68.Final.jar:4.1.68.Final]
	at io.netty.util.internal.PlatformDependent0$4.run(PlatformDependent0.java:253) ~[netty-common-4.1.68.Final.jar:4.1.68.Final]
	at java.security.AccessController.doPrivileged(AccessController.java:312) ~[?:?]
	at io.netty.util.internal.PlatformDependent0.<clinit>(PlatformDependent0.java:247) [netty-common-4.1.68.Final.jar:4.1.68.Final]
	at io.netty.util.internal.PlatformDependent.isAndroid(PlatformDependent.java:294) [netty-common-4.1.68.Final.jar:4.1.68.Final]
	at io.netty.util.internal.PlatformDependent.<clinit>(PlatformDependent.java:88) [netty-common-4.1.68.Final.jar:4.1.68.Final]
	at io.netty.util.HashedWheelTimer.<init>(HashedWheelTimer.java:112) [netty-common-4.1.68.Final.jar:4.1.68.Final]
	at io.netty.util.HashedWheelTimer.<init>(HashedWheelTimer.java:221) [netty-common-4.1.68.Final.jar:4.1.68.Final]
	at io.netty.util.HashedWheelTimer.<init>(HashedWheelTimer.java:200) [netty-common-4.1.68.Final.jar:4.1.68.Final]
	at org.asynchttpclient.DefaultAsyncHttpClient.newNettyTimer(DefaultAsyncHttpClient.java:111) [async-http-client-2.12.3.jar:?]
	at org.asynchttpclient.DefaultAsyncHttpClient.<init>(DefaultAsyncHttpClient.java:90) [async-http-client-2.12.3.jar:?]
	at org.asynchttpclient.Dsl.asyncHttpClient(Dsl.java:32) [async-http-client-2.12.3.jar:?]
	at org.openqa.selenium.remote.http.netty.NettyClient.createHttpClient(NettyClient.java:114) [selenium-remote-driver-4.0.0.jar:?]
	at org.openqa.selenium.remote.http.netty.NettyClient.<clinit>(NettyClient.java:57) [selenium-remote-driver-4.0.0.jar:?]
	at org.openqa.selenium.remote.http.netty.NettyClient$Factory.createClient(NettyClient.java:163) [selenium-remote-driver-4.0.0.jar:?]
	at org.openqa.selenium.remote.HttpCommandExecutor.<init>(HttpCommandExecutor.java:107) [selenium-remote-driver-4.0.0.jar:?]
	at org.openqa.selenium.remote.HttpCommandExecutor.<init>(HttpCommandExecutor.java:94) [selenium-remote-driver-4.0.0.jar:?]
	at org.openqa.selenium.remote.HttpCommandExecutor.<init>(HttpCommandExecutor.java:85) [selenium-remote-driver-4.0.0.jar:?]
	at org.openqa.selenium.remote.service.DriverCommandExecutor.<init>(DriverCommandExecutor.java:77) [selenium-remote-driver-4.0.0.jar:?]
	at org.openqa.selenium.chromium.ChromiumDriverCommandExecutor.<init>(ChromiumDriverCommandExecutor.java:35) [selenium-chromium-driver-4.0.0.jar:?]
	at org.openqa.selenium.chrome.ChromeDriver$ChromeDriverCommandExecutor.<init>(ChromeDriver.java:111) [selenium-chrome-driver-4.0.0.jar:?]
	at org.openqa.selenium.chrome.ChromeDriver.<init>(ChromeDriver.java:104) [selenium-chrome-driver-4.0.0.jar:?]
	at org.openqa.selenium.chrome.ChromeDriver.<init>(ChromeDriver.java:91) [selenium-chrome-driver-4.0.0.jar:?]
	at org.openqa.selenium.chrome.ChromeDriver.<init>(ChromeDriver.java:46) [selenium-chrome-driver-4.0.0.jar:?]
	at testscripts.T001_Google.openGoogle(T001_Google.java:35) [test-classes/:?]
	at jdk.internal.reflect.NativeMethodAccessorImpl.invoke0(Native Method) ~[?:?]
	at jdk.internal.reflect.NativeMethodAccessorImpl.invoke(NativeMethodAccessorImpl.java:78) ~[?:?]
	at jdk.internal.reflect.DelegatingMethodAccessorImpl.invoke(DelegatingMethodAccessorImpl.java:43) ~[?:?]
	at java.lang.reflect.Method.invoke(Method.java:567) ~[?:?]
	at org.testng.internal.MethodInvocationHelper.invokeMethod(MethodInvocationHelper.java:133) [testng-7.4.0.jar:7.4.0]
	at org.testng.internal.TestInvoker.invokeMethod(TestInvoker.java:598) [testng-7.4.0.jar:7.4.0]
	at org.testng.internal.TestInvoker.invokeTestMethod(TestInvoker.java:173) [testng-7.4.0.jar:7.4.0]
	at org.testng.internal.MethodRunner.runInSequence(MethodRunner.java:46) [testng-7.4.0.jar:7.4.0]
	at org.testng.internal.TestInvoker$MethodInvocationAgent.invoke(TestInvoker.java:824) [testng-7.4.0.jar:7.4.0]
	at org.testng.internal.TestInvoker.invokeTestMethods(TestInvoker.java:146) [testng-7.4.0.jar:7.4.0]
	at org.testng.internal.TestMethodWorker.invokeTestMethods(TestMethodWorker.java:146) [testng-7.4.0.jar:7.4.0]
	at org.testng.internal.TestMethodWorker.run(TestMethodWorker.java:128) [testng-7.4.0.jar:7.4.0]
	at java.util.concurrent.ThreadPoolExecutor.runWorker(ThreadPoolExecutor.java:1130) [?:?]
	at java.util.concurrent.ThreadPoolExecutor$Worker.run(ThreadPoolExecutor.java:630) [?:?]
	at java.lang.Thread.run(Thread.java:831) [?:?]
2021-11-17T22:47:38.333+0530 DEBUG java.nio.Bits.unaligned: available, true
2021-11-17T22:47:38.334+0530 DEBUG jdk.internal.misc.Unsafe.allocateUninitializedArray(int): unavailable
java.lang.IllegalAccessException: class io.netty.util.internal.PlatformDependent0$6 cannot access class jdk.internal.misc.Unsafe (in module java.base) because module java.base does not export jdk.internal.misc to unnamed module @234bef66
	at jdk.internal.reflect.Reflection.newIllegalAccessException(Reflection.java:385) ~[?:?]
	at java.lang.reflect.AccessibleObject.checkAccess(AccessibleObject.java:687) ~[?:?]
	at java.lang.reflect.Method.invoke(Method.java:559) ~[?:?]
	at io.netty.util.internal.PlatformDependent0$6.run(PlatformDependent0.java:375) ~[netty-common-4.1.68.Final.jar:4.1.68.Final]
	at java.security.AccessController.doPrivileged(AccessController.java:312) ~[?:?]
	at io.netty.util.internal.PlatformDependent0.<clinit>(PlatformDependent0.java:366) [netty-common-4.1.68.Final.jar:4.1.68.Final]
	at io.netty.util.internal.PlatformDependent.isAndroid(PlatformDependent.java:294) [netty-common-4.1.68.Final.jar:4.1.68.Final]
	at io.netty.util.internal.PlatformDependent.<clinit>(PlatformDependent.java:88) [netty-common-4.1.68.Final.jar:4.1.68.Final]
	at io.netty.util.HashedWheelTimer.<init>(HashedWheelTimer.java:112) [netty-common-4.1.68.Final.jar:4.1.68.Final]
	at io.netty.util.HashedWheelTimer.<init>(HashedWheelTimer.java:221) [netty-common-4.1.68.Final.jar:4.1.68.Final]
	at io.netty.util.HashedWheelTimer.<init>(HashedWheelTimer.java:200) [netty-common-4.1.68.Final.jar:4.1.68.Final]
	at org.asynchttpclient.DefaultAsyncHttpClient.newNettyTimer(DefaultAsyncHttpClient.java:111) [async-http-client-2.12.3.jar:?]
	at org.asynchttpclient.DefaultAsyncHttpClient.<init>(DefaultAsyncHttpClient.java:90) [async-http-client-2.12.3.jar:?]
	at org.asynchttpclient.Dsl.asyncHttpClient(Dsl.java:32) [async-http-client-2.12.3.jar:?]
	at org.openqa.selenium.remote.http.netty.NettyClient.createHttpClient(NettyClient.java:114) [selenium-remote-driver-4.0.0.jar:?]
	at org.openqa.selenium.remote.http.netty.NettyClient.<clinit>(NettyClient.java:57) [selenium-remote-driver-4.0.0.jar:?]
	at org.openqa.selenium.remote.http.netty.NettyClient$Factory.createClient(NettyClient.java:163) [selenium-remote-driver-4.0.0.jar:?]
	at org.openqa.selenium.remote.HttpCommandExecutor.<init>(HttpCommandExecutor.java:107) [selenium-remote-driver-4.0.0.jar:?]
	at org.openqa.selenium.remote.HttpCommandExecutor.<init>(HttpCommandExecutor.java:94) [selenium-remote-driver-4.0.0.jar:?]
	at org.openqa.selenium.remote.HttpCommandExecutor.<init>(HttpCommandExecutor.java:85) [selenium-remote-driver-4.0.0.jar:?]
	at org.openqa.selenium.remote.service.DriverCommandExecutor.<init>(DriverCommandExecutor.java:77) [selenium-remote-driver-4.0.0.jar:?]
	at org.openqa.selenium.chromium.ChromiumDriverCommandExecutor.<init>(ChromiumDriverCommandExecutor.java:35) [selenium-chromium-driver-4.0.0.jar:?]
	at org.openqa.selenium.chrome.ChromeDriver$ChromeDriverCommandExecutor.<init>(ChromeDriver.java:111) [selenium-chrome-driver-4.0.0.jar:?]
	at org.openqa.selenium.chrome.ChromeDriver.<init>(ChromeDriver.java:104) [selenium-chrome-driver-4.0.0.jar:?]
	at org.openqa.selenium.chrome.ChromeDriver.<init>(ChromeDriver.java:91) [selenium-chrome-driver-4.0.0.jar:?]
	at org.openqa.selenium.chrome.ChromeDriver.<init>(ChromeDriver.java:46) [selenium-chrome-driver-4.0.0.jar:?]
	at testscripts.T001_Google.openGoogle(T001_Google.java:35) [test-classes/:?]
	at jdk.internal.reflect.NativeMethodAccessorImpl.invoke0(Native Method) ~[?:?]
	at jdk.internal.reflect.NativeMethodAccessorImpl.invoke(NativeMethodAccessorImpl.java:78) ~[?:?]
	at jdk.internal.reflect.DelegatingMethodAccessorImpl.invoke(DelegatingMethodAccessorImpl.java:43) ~[?:?]
	at java.lang.reflect.Method.invoke(Method.java:567) ~[?:?]
	at org.testng.internal.MethodInvocationHelper.invokeMethod(MethodInvocationHelper.java:133) [testng-7.4.0.jar:7.4.0]
	at org.testng.internal.TestInvoker.invokeMethod(TestInvoker.java:598) [testng-7.4.0.jar:7.4.0]
	at org.testng.internal.TestInvoker.invokeTestMethod(TestInvoker.java:173) [testng-7.4.0.jar:7.4.0]
	at org.testng.internal.MethodRunner.runInSequence(MethodRunner.java:46) [testng-7.4.0.jar:7.4.0]
	at org.testng.internal.TestInvoker$MethodInvocationAgent.invoke(TestInvoker.java:824) [testng-7.4.0.jar:7.4.0]
	at org.testng.internal.TestInvoker.invokeTestMethods(TestInvoker.java:146) [testng-7.4.0.jar:7.4.0]
	at org.testng.internal.TestMethodWorker.invokeTestMethods(TestMethodWorker.java:146) [testng-7.4.0.jar:7.4.0]
	at org.testng.internal.TestMethodWorker.run(TestMethodWorker.java:128) [testng-7.4.0.jar:7.4.0]
	at java.util.concurrent.ThreadPoolExecutor.runWorker(ThreadPoolExecutor.java:1130) [?:?]
	at java.util.concurrent.ThreadPoolExecutor$Worker.run(ThreadPoolExecutor.java:630) [?:?]
	at java.lang.Thread.run(Thread.java:831) [?:?]
2021-11-17T22:47:38.336+0530 DEBUG java.nio.DirectByteBuffer.<init>(long, int): unavailable
2021-11-17T22:47:38.337+0530 DEBUG sun.misc.Unsafe: available
2021-11-17T22:47:38.338+0530 DEBUG maxDirectMemory: 4227858432 bytes (maybe)
2021-11-17T22:47:38.338+0530 DEBUG -Dio.netty.tmpdir: C:\Users\tamil\AppData\Local\Temp (java.io.tmpdir)
2021-11-17T22:47:38.339+0530 DEBUG -Dio.netty.bitMode: 64 (sun.arch.data.model)
2021-11-17T22:47:38.339+0530 DEBUG Platform: Windows
2021-11-17T22:47:38.340+0530 DEBUG -Dio.netty.maxDirectMemory: -1 bytes
2021-11-17T22:47:38.340+0530 DEBUG -Dio.netty.uninitializedArrayAllocationThreshold: -1
2021-11-17T22:47:38.341+0530 DEBUG java.nio.ByteBuffer.cleaner(): available
2021-11-17T22:47:38.341+0530 DEBUG -Dio.netty.noPreferDirect: false
2021-11-17T22:47:38.347+0530 DEBUG org.jctools-core.MpscChunkedArrayQueue: available
2021-11-17T22:47:38.361+0530 DEBUG -Dio.netty.threadLocalMap.stringBuilder.initialSize: 1024
2021-11-17T22:47:38.362+0530 DEBUG -Dio.netty.threadLocalMap.stringBuilder.maxSize: 4096
2021-11-17T22:47:38.419+0530 DEBUG Default protocols (JDK): [TLSv1.3, TLSv1.2] 
2021-11-17T22:47:38.419+0530 DEBUG Default cipher suites (JDK): [TLS_ECDHE_ECDSA_WITH_AES_256_GCM_SHA384, TLS_ECDHE_ECDSA_WITH_AES_128_GCM_SHA256, TLS_ECDHE_RSA_WITH_AES_128_GCM_SHA256, TLS_ECDHE_RSA_WITH_AES_256_GCM_SHA384, TLS_ECDHE_RSA_WITH_AES_128_CBC_SHA, TLS_ECDHE_RSA_WITH_AES_256_CBC_SHA, TLS_RSA_WITH_AES_128_GCM_SHA256, TLS_RSA_WITH_AES_128_CBC_SHA, TLS_RSA_WITH_AES_256_CBC_SHA, TLS_AES_128_GCM_SHA256, TLS_AES_256_GCM_SHA384]
2021-11-17T22:47:38.448+0530 DEBUG -Dio.netty.eventLoopThreads: 32
2021-11-17T22:47:38.457+0530 DEBUG -Dio.netty.noKeySetOptimization: false
2021-11-17T22:47:38.458+0530 DEBUG -Dio.netty.selectorAutoRebuildThreshold: 512
2021-11-17T22:47:38.536+0530 DEBUG -Dio.netty.allocator.numHeapArenas: 32
2021-11-17T22:47:38.536+0530 DEBUG -Dio.netty.allocator.numDirectArenas: 32
2021-11-17T22:47:38.537+0530 DEBUG -Dio.netty.allocator.pageSize: 8192
2021-11-17T22:47:38.537+0530 DEBUG -Dio.netty.allocator.maxOrder: 11
2021-11-17T22:47:38.537+0530 DEBUG -Dio.netty.allocator.chunkSize: 16777216
2021-11-17T22:47:38.537+0530 DEBUG -Dio.netty.allocator.smallCacheSize: 256
2021-11-17T22:47:38.537+0530 DEBUG -Dio.netty.allocator.normalCacheSize: 64
2021-11-17T22:47:38.538+0530 DEBUG -Dio.netty.allocator.maxCachedBufferCapacity: 32768
2021-11-17T22:47:38.538+0530 DEBUG -Dio.netty.allocator.cacheTrimInterval: 8192
2021-11-17T22:47:38.538+0530 DEBUG -Dio.netty.allocator.cacheTrimIntervalMillis: 0
2021-11-17T22:47:38.538+0530 DEBUG -Dio.netty.allocator.useCacheForAllThreads: true
2021-11-17T22:47:38.539+0530 DEBUG -Dio.netty.allocator.maxCachedByteBuffersPerChunk: 1023
2021-11-17T22:47:38.553+0530 DEBUG -Dio.netty.allocator.type: pooled
2021-11-17T22:47:38.553+0530 DEBUG -Dio.netty.threadLocalDirectBufferSize: 0
2021-11-17T22:47:38.553+0530 DEBUG -Dio.netty.maxThreadLocalCharBufferSize: 16384
2021-11-17T22:47:38.901+0530 DEBUG -Dio.netty.processId: 20896 (auto-detected)
2021-11-17T22:47:38.903+0530 DEBUG -Djava.net.preferIPv4Stack: false
2021-11-17T22:47:38.903+0530 DEBUG -Djava.net.preferIPv6Addresses: false
2021-11-17T22:47:38.911+0530 DEBUG Loopback interface: lo (Software Loopback Interface 1, 127.0.0.1)
2021-11-17T22:47:38.912+0530 DEBUG Failed to get SOMAXCONN from sysctl and file \proc\sys\net\core\somaxconn. Default: 200
2021-11-17T22:47:38.933+0530 DEBUG -Dio.netty.machineId: dc:21:5c:ff:fe:36:73:38 (auto-detected)
2021-11-17T22:47:38.981+0530 DEBUG -Dio.netty.buffer.checkAccessible: true
2021-11-17T22:47:38.981+0530 DEBUG -Dio.netty.buffer.checkBounds: true
2021-11-17T22:47:38.981+0530 DEBUG Loaded default ResourceLeakDetector: io.netty.util.ResourceLeakDetector@5a6fae68
2021-11-17T22:47:39.003+0530 DEBUG -Dio.netty.recycler.maxCapacityPerThread: 4096
2021-11-17T22:47:39.004+0530 DEBUG -Dio.netty.recycler.maxSharedCapacityFactor: 2
2021-11-17T22:47:39.004+0530 DEBUG -Dio.netty.recycler.linkCapacity: 16
2021-11-17T22:47:39.004+0530 DEBUG -Dio.netty.recycler.ratio: 8
2021-11-17T22:47:39.004+0530 DEBUG -Dio.netty.recycler.delayedQueue.ratio: 8
2021-11-17T22:47:40.026+0530 DEBUG brotli4j not in the classpath; Brotli support will be unavailable.
2021-11-17T22:47:40.138+0530 DEBUG -Dio.netty.initialSeedUniquifier: 0x8e069e1d75b4cce6
2021-11-17T22:47:40.194+0530 DEBUG Browser is opened
2021-11-17T22:47:40.195+0530 DEBUG beforeAnyCall
2021-11-17T22:47:40.195+0530 DEBUG beforeAnyWebDriverCall:ChromeDriver: chrome on WINDOWS (95e73da2f55b0a043a9b990225aef1eb)
2021-11-17T22:47:40.201+0530 DEBUG beforeGet:ChromeDriver: chrome on WINDOWS (95e73da2f55b0a043a9b990225aef1eb)
2021-11-17T22:48:01.435+0530 DEBUG afterGet:ChromeDriver: chrome on WINDOWS (95e73da2f55b0a043a9b990225aef1eb)
2021-11-17T22:48:01.436+0530 DEBUG afterAnyWebDriverCall:ChromeDriver: chrome on WINDOWS (95e73da2f55b0a043a9b990225aef1eb)
2021-11-17T22:48:01.436+0530 DEBUG afterAnyCall
2021-11-17T22:48:01.436+0530 DEBUG Browser is opened and URL is loaded
2021-11-17T22:48:01.437+0530 DEBUG beforeAnyCall
2021-11-17T22:48:01.437+0530 DEBUG beforeAnyWebDriverCall:ChromeDriver: chrome on WINDOWS (95e73da2f55b0a043a9b990225aef1eb)
2021-11-17T22:48:01.437+0530 DEBUG beforeFindElement:ChromeDriver: chrome on WINDOWS (95e73da2f55b0a043a9b990225aef1eb) locator:By.name: q
2021-11-17T22:48:01.470+0530 DEBUG afterFindElement:ChromeDriver: chrome on WINDOWS (95e73da2f55b0a043a9b990225aef1eb) locator:By.name: q result:Decorated {[[ChromeDriver: chrome on WINDOWS (95e73da2f55b0a043a9b990225aef1eb)] -> name: q]}
2021-11-17T22:48:01.471+0530 DEBUG afterAnyWebDriverCall:ChromeDriver: chrome on WINDOWS (95e73da2f55b0a043a9b990225aef1eb)
2021-11-17T22:48:01.471+0530 DEBUG afterAnyCall
2021-11-17T22:48:01.471+0530 DEBUG beforeAnyCall
2021-11-17T22:48:01.551+0530 DEBUG afterAnyCall
2021-11-17T22:48:01.553+0530 DEBUG beforeAnyCall
2021-11-17T22:48:01.554+0530 DEBUG beforeSendKeys: Text is yet to be entered [Ljava.lang.CharSequence;@51cd0200
2021-11-17T22:48:03.907+0530 DEBUG afterSendKeys: Text entered [Ljava.lang.CharSequence;@51cd0200
2021-11-17T22:48:03.908+0530 DEBUG afterAnyCall
2021-11-17T22:48:03.916+0530 DEBUG Hello World is entered into search bar
2021-11-17T22:48:03.916+0530 DEBUG beforeAnyCall
2021-11-17T22:48:03.916+0530 DEBUG beforeAnyWebDriverCall:ChromeDriver: chrome on WINDOWS (95e73da2f55b0a043a9b990225aef1eb)
2021-11-17T22:48:04.082+0530 DEBUG afterAnyWebDriverCall:ChromeDriver: chrome on WINDOWS (null)
2021-11-17T22:48:04.082+0530 DEBUG afterAnyCall
2021-11-17T22:48:04.422+0530 DEBUG saveReport() is triggered and report is flushed/saved
2021-11-18T23:12:08.820+0530 DEBUG startExtentReport() is triggered and extent report is started
2021-11-18T23:12:08.853+0530 DEBUG createNewTest(String desc, String testName) is triggered and new test is created with desc as Open Google and Search and testName as T001_Google
2021-11-18T23:12:09.185+0530 DEBUG saveReport() is triggered and report is flushed/saved
2021-11-18T23:17:42.672+0530 DEBUG startExtentReport() is triggered and extent report is started
2021-11-18T23:17:42.700+0530 DEBUG createNewTest(String desc, String testName) is triggered and new test is created with desc as Open Google and Search and testName as T001_Google
2021-11-18T23:17:44.411+0530 DEBUG Browser is about to open
2021-11-18T23:17:44.539+0530 DEBUG Using Log4J2 as the default logging framework
2021-11-18T23:17:44.548+0530 DEBUG -Dio.netty.leakDetection.level: simple
2021-11-18T23:17:44.548+0530 DEBUG -Dio.netty.leakDetection.targetRecords: 4
2021-11-18T23:17:44.555+0530 DEBUG Loaded default ResourceLeakDetector: io.netty.util.ResourceLeakDetector@44c5e5fd
2021-11-18T23:17:44.576+0530 DEBUG -Dio.netty.noUnsafe: false
2021-11-18T23:17:44.577+0530 DEBUG Java version: 16
2021-11-18T23:17:44.578+0530 DEBUG sun.misc.Unsafe.theUnsafe: available
2021-11-18T23:17:44.579+0530 DEBUG sun.misc.Unsafe.copyMemory: available
2021-11-18T23:17:44.579+0530 DEBUG java.nio.Buffer.address: available
2021-11-18T23:17:44.580+0530 DEBUG direct buffer constructor: unavailable
java.lang.UnsupportedOperationException: Reflective setAccessible(true) disabled
	at io.netty.util.internal.ReflectionUtil.trySetAccessible(ReflectionUtil.java:31) ~[netty-common-4.1.68.Final.jar:4.1.68.Final]
	at io.netty.util.internal.PlatformDependent0$4.run(PlatformDependent0.java:253) ~[netty-common-4.1.68.Final.jar:4.1.68.Final]
	at java.security.AccessController.doPrivileged(AccessController.java:312) ~[?:?]
	at io.netty.util.internal.PlatformDependent0.<clinit>(PlatformDependent0.java:247) [netty-common-4.1.68.Final.jar:4.1.68.Final]
	at io.netty.util.internal.PlatformDependent.isAndroid(PlatformDependent.java:294) [netty-common-4.1.68.Final.jar:4.1.68.Final]
	at io.netty.util.internal.PlatformDependent.<clinit>(PlatformDependent.java:88) [netty-common-4.1.68.Final.jar:4.1.68.Final]
	at io.netty.util.HashedWheelTimer.<init>(HashedWheelTimer.java:112) [netty-common-4.1.68.Final.jar:4.1.68.Final]
	at io.netty.util.HashedWheelTimer.<init>(HashedWheelTimer.java:221) [netty-common-4.1.68.Final.jar:4.1.68.Final]
	at io.netty.util.HashedWheelTimer.<init>(HashedWheelTimer.java:200) [netty-common-4.1.68.Final.jar:4.1.68.Final]
	at org.asynchttpclient.DefaultAsyncHttpClient.newNettyTimer(DefaultAsyncHttpClient.java:111) [async-http-client-2.12.3.jar:?]
	at org.asynchttpclient.DefaultAsyncHttpClient.<init>(DefaultAsyncHttpClient.java:90) [async-http-client-2.12.3.jar:?]
	at org.asynchttpclient.Dsl.asyncHttpClient(Dsl.java:32) [async-http-client-2.12.3.jar:?]
	at org.openqa.selenium.remote.http.netty.NettyClient.createHttpClient(NettyClient.java:114) [selenium-remote-driver-4.0.0.jar:?]
	at org.openqa.selenium.remote.http.netty.NettyClient.<clinit>(NettyClient.java:57) [selenium-remote-driver-4.0.0.jar:?]
	at org.openqa.selenium.remote.http.netty.NettyClient$Factory.createClient(NettyClient.java:163) [selenium-remote-driver-4.0.0.jar:?]
	at org.openqa.selenium.remote.HttpCommandExecutor.<init>(HttpCommandExecutor.java:107) [selenium-remote-driver-4.0.0.jar:?]
	at org.openqa.selenium.remote.HttpCommandExecutor.<init>(HttpCommandExecutor.java:94) [selenium-remote-driver-4.0.0.jar:?]
	at org.openqa.selenium.remote.HttpCommandExecutor.<init>(HttpCommandExecutor.java:85) [selenium-remote-driver-4.0.0.jar:?]
	at org.openqa.selenium.remote.service.DriverCommandExecutor.<init>(DriverCommandExecutor.java:77) [selenium-remote-driver-4.0.0.jar:?]
	at org.openqa.selenium.chromium.ChromiumDriverCommandExecutor.<init>(ChromiumDriverCommandExecutor.java:35) [selenium-chromium-driver-4.0.0.jar:?]
	at org.openqa.selenium.chrome.ChromeDriver$ChromeDriverCommandExecutor.<init>(ChromeDriver.java:111) [selenium-chrome-driver-4.0.0.jar:?]
	at org.openqa.selenium.chrome.ChromeDriver.<init>(ChromeDriver.java:104) [selenium-chrome-driver-4.0.0.jar:?]
	at org.openqa.selenium.chrome.ChromeDriver.<init>(ChromeDriver.java:91) [selenium-chrome-driver-4.0.0.jar:?]
	at org.openqa.selenium.chrome.ChromeDriver.<init>(ChromeDriver.java:46) [selenium-chrome-driver-4.0.0.jar:?]
	at testscripts.T001_Google.openGoogle(T001_Google.java:35) [test-classes/:?]
	at jdk.internal.reflect.NativeMethodAccessorImpl.invoke0(Native Method) ~[?:?]
	at jdk.internal.reflect.NativeMethodAccessorImpl.invoke(NativeMethodAccessorImpl.java:78) ~[?:?]
	at jdk.internal.reflect.DelegatingMethodAccessorImpl.invoke(DelegatingMethodAccessorImpl.java:43) ~[?:?]
	at java.lang.reflect.Method.invoke(Method.java:567) ~[?:?]
	at org.testng.internal.MethodInvocationHelper.invokeMethod(MethodInvocationHelper.java:133) [testng-7.4.0.jar:7.4.0]
	at org.testng.internal.MethodInvocationHelper$1.runTestMethod(MethodInvocationHelper.java:239) [testng-7.4.0.jar:7.4.0]
	at listeners.MyTestNGListenersImpl.run(MyTestNGListenersImpl.java:77) [test-classes/:?]
	at org.testng.internal.MethodInvocationHelper.invokeHookable(MethodInvocationHelper.java:253) [testng-7.4.0.jar:7.4.0]
	at org.testng.internal.TestInvoker.invokeMethod(TestInvoker.java:594) [testng-7.4.0.jar:7.4.0]
	at org.testng.internal.TestInvoker.invokeTestMethod(TestInvoker.java:173) [testng-7.4.0.jar:7.4.0]
	at org.testng.internal.MethodRunner.runInSequence(MethodRunner.java:46) [testng-7.4.0.jar:7.4.0]
	at org.testng.internal.TestInvoker$MethodInvocationAgent.invoke(TestInvoker.java:824) [testng-7.4.0.jar:7.4.0]
	at org.testng.internal.TestInvoker.invokeTestMethods(TestInvoker.java:146) [testng-7.4.0.jar:7.4.0]
	at org.testng.internal.TestMethodWorker.invokeTestMethods(TestMethodWorker.java:146) [testng-7.4.0.jar:7.4.0]
	at org.testng.internal.TestMethodWorker.run(TestMethodWorker.java:128) [testng-7.4.0.jar:7.4.0]
	at java.util.concurrent.ThreadPoolExecutor.runWorker(ThreadPoolExecutor.java:1130) [?:?]
	at java.util.concurrent.ThreadPoolExecutor$Worker.run(ThreadPoolExecutor.java:630) [?:?]
	at java.lang.Thread.run(Thread.java:831) [?:?]
2021-11-18T23:17:44.589+0530 DEBUG java.nio.Bits.unaligned: available, true
2021-11-18T23:17:44.590+0530 DEBUG jdk.internal.misc.Unsafe.allocateUninitializedArray(int): unavailable
java.lang.IllegalAccessException: class io.netty.util.internal.PlatformDependent0$6 cannot access class jdk.internal.misc.Unsafe (in module java.base) because module java.base does not export jdk.internal.misc to unnamed module @234bef66
	at jdk.internal.reflect.Reflection.newIllegalAccessException(Reflection.java:385) ~[?:?]
	at java.lang.reflect.AccessibleObject.checkAccess(AccessibleObject.java:687) ~[?:?]
	at java.lang.reflect.Method.invoke(Method.java:559) ~[?:?]
	at io.netty.util.internal.PlatformDependent0$6.run(PlatformDependent0.java:375) ~[netty-common-4.1.68.Final.jar:4.1.68.Final]
	at java.security.AccessController.doPrivileged(AccessController.java:312) ~[?:?]
	at io.netty.util.internal.PlatformDependent0.<clinit>(PlatformDependent0.java:366) [netty-common-4.1.68.Final.jar:4.1.68.Final]
	at io.netty.util.internal.PlatformDependent.isAndroid(PlatformDependent.java:294) [netty-common-4.1.68.Final.jar:4.1.68.Final]
	at io.netty.util.internal.PlatformDependent.<clinit>(PlatformDependent.java:88) [netty-common-4.1.68.Final.jar:4.1.68.Final]
	at io.netty.util.HashedWheelTimer.<init>(HashedWheelTimer.java:112) [netty-common-4.1.68.Final.jar:4.1.68.Final]
	at io.netty.util.HashedWheelTimer.<init>(HashedWheelTimer.java:221) [netty-common-4.1.68.Final.jar:4.1.68.Final]
	at io.netty.util.HashedWheelTimer.<init>(HashedWheelTimer.java:200) [netty-common-4.1.68.Final.jar:4.1.68.Final]
	at org.asynchttpclient.DefaultAsyncHttpClient.newNettyTimer(DefaultAsyncHttpClient.java:111) [async-http-client-2.12.3.jar:?]
	at org.asynchttpclient.DefaultAsyncHttpClient.<init>(DefaultAsyncHttpClient.java:90) [async-http-client-2.12.3.jar:?]
	at org.asynchttpclient.Dsl.asyncHttpClient(Dsl.java:32) [async-http-client-2.12.3.jar:?]
	at org.openqa.selenium.remote.http.netty.NettyClient.createHttpClient(NettyClient.java:114) [selenium-remote-driver-4.0.0.jar:?]
	at org.openqa.selenium.remote.http.netty.NettyClient.<clinit>(NettyClient.java:57) [selenium-remote-driver-4.0.0.jar:?]
	at org.openqa.selenium.remote.http.netty.NettyClient$Factory.createClient(NettyClient.java:163) [selenium-remote-driver-4.0.0.jar:?]
	at org.openqa.selenium.remote.HttpCommandExecutor.<init>(HttpCommandExecutor.java:107) [selenium-remote-driver-4.0.0.jar:?]
	at org.openqa.selenium.remote.HttpCommandExecutor.<init>(HttpCommandExecutor.java:94) [selenium-remote-driver-4.0.0.jar:?]
	at org.openqa.selenium.remote.HttpCommandExecutor.<init>(HttpCommandExecutor.java:85) [selenium-remote-driver-4.0.0.jar:?]
	at org.openqa.selenium.remote.service.DriverCommandExecutor.<init>(DriverCommandExecutor.java:77) [selenium-remote-driver-4.0.0.jar:?]
	at org.openqa.selenium.chromium.ChromiumDriverCommandExecutor.<init>(ChromiumDriverCommandExecutor.java:35) [selenium-chromium-driver-4.0.0.jar:?]
	at org.openqa.selenium.chrome.ChromeDriver$ChromeDriverCommandExecutor.<init>(ChromeDriver.java:111) [selenium-chrome-driver-4.0.0.jar:?]
	at org.openqa.selenium.chrome.ChromeDriver.<init>(ChromeDriver.java:104) [selenium-chrome-driver-4.0.0.jar:?]
	at org.openqa.selenium.chrome.ChromeDriver.<init>(ChromeDriver.java:91) [selenium-chrome-driver-4.0.0.jar:?]
	at org.openqa.selenium.chrome.ChromeDriver.<init>(ChromeDriver.java:46) [selenium-chrome-driver-4.0.0.jar:?]
	at testscripts.T001_Google.openGoogle(T001_Google.java:35) [test-classes/:?]
	at jdk.internal.reflect.NativeMethodAccessorImpl.invoke0(Native Method) ~[?:?]
	at jdk.internal.reflect.NativeMethodAccessorImpl.invoke(NativeMethodAccessorImpl.java:78) ~[?:?]
	at jdk.internal.reflect.DelegatingMethodAccessorImpl.invoke(DelegatingMethodAccessorImpl.java:43) ~[?:?]
	at java.lang.reflect.Method.invoke(Method.java:567) ~[?:?]
	at org.testng.internal.MethodInvocationHelper.invokeMethod(MethodInvocationHelper.java:133) [testng-7.4.0.jar:7.4.0]
	at org.testng.internal.MethodInvocationHelper$1.runTestMethod(MethodInvocationHelper.java:239) [testng-7.4.0.jar:7.4.0]
	at listeners.MyTestNGListenersImpl.run(MyTestNGListenersImpl.java:77) [test-classes/:?]
	at org.testng.internal.MethodInvocationHelper.invokeHookable(MethodInvocationHelper.java:253) [testng-7.4.0.jar:7.4.0]
	at org.testng.internal.TestInvoker.invokeMethod(TestInvoker.java:594) [testng-7.4.0.jar:7.4.0]
	at org.testng.internal.TestInvoker.invokeTestMethod(TestInvoker.java:173) [testng-7.4.0.jar:7.4.0]
	at org.testng.internal.MethodRunner.runInSequence(MethodRunner.java:46) [testng-7.4.0.jar:7.4.0]
	at org.testng.internal.TestInvoker$MethodInvocationAgent.invoke(TestInvoker.java:824) [testng-7.4.0.jar:7.4.0]
	at org.testng.internal.TestInvoker.invokeTestMethods(TestInvoker.java:146) [testng-7.4.0.jar:7.4.0]
	at org.testng.internal.TestMethodWorker.invokeTestMethods(TestMethodWorker.java:146) [testng-7.4.0.jar:7.4.0]
	at org.testng.internal.TestMethodWorker.run(TestMethodWorker.java:128) [testng-7.4.0.jar:7.4.0]
	at java.util.concurrent.ThreadPoolExecutor.runWorker(ThreadPoolExecutor.java:1130) [?:?]
	at java.util.concurrent.ThreadPoolExecutor$Worker.run(ThreadPoolExecutor.java:630) [?:?]
	at java.lang.Thread.run(Thread.java:831) [?:?]
2021-11-18T23:17:44.593+0530 DEBUG java.nio.DirectByteBuffer.<init>(long, int): unavailable
2021-11-18T23:17:44.594+0530 DEBUG sun.misc.Unsafe: available
2021-11-18T23:17:44.594+0530 DEBUG maxDirectMemory: 4227858432 bytes (maybe)
2021-11-18T23:17:44.595+0530 DEBUG -Dio.netty.tmpdir: C:\Users\tamil\AppData\Local\Temp (java.io.tmpdir)
2021-11-18T23:17:44.595+0530 DEBUG -Dio.netty.bitMode: 64 (sun.arch.data.model)
2021-11-18T23:17:44.595+0530 DEBUG Platform: Windows
2021-11-18T23:17:44.596+0530 DEBUG -Dio.netty.maxDirectMemory: -1 bytes
2021-11-18T23:17:44.596+0530 DEBUG -Dio.netty.uninitializedArrayAllocationThreshold: -1
2021-11-18T23:17:44.599+0530 DEBUG java.nio.ByteBuffer.cleaner(): available
2021-11-18T23:17:44.599+0530 DEBUG -Dio.netty.noPreferDirect: false
2021-11-18T23:17:44.608+0530 DEBUG org.jctools-core.MpscChunkedArrayQueue: available
2021-11-18T23:17:44.634+0530 DEBUG -Dio.netty.threadLocalMap.stringBuilder.initialSize: 1024
2021-11-18T23:17:44.634+0530 DEBUG -Dio.netty.threadLocalMap.stringBuilder.maxSize: 4096
2021-11-18T23:17:44.658+0530 DEBUG Default protocols (JDK): [TLSv1.3, TLSv1.2] 
2021-11-18T23:17:44.659+0530 DEBUG Default cipher suites (JDK): [TLS_ECDHE_ECDSA_WITH_AES_256_GCM_SHA384, TLS_ECDHE_ECDSA_WITH_AES_128_GCM_SHA256, TLS_ECDHE_RSA_WITH_AES_128_GCM_SHA256, TLS_ECDHE_RSA_WITH_AES_256_GCM_SHA384, TLS_ECDHE_RSA_WITH_AES_128_CBC_SHA, TLS_ECDHE_RSA_WITH_AES_256_CBC_SHA, TLS_RSA_WITH_AES_128_GCM_SHA256, TLS_RSA_WITH_AES_128_CBC_SHA, TLS_RSA_WITH_AES_256_CBC_SHA, TLS_AES_128_GCM_SHA256, TLS_AES_256_GCM_SHA384]
2021-11-18T23:17:44.689+0530 DEBUG -Dio.netty.eventLoopThreads: 32
2021-11-18T23:17:44.702+0530 DEBUG -Dio.netty.noKeySetOptimization: false
2021-11-18T23:17:44.702+0530 DEBUG -Dio.netty.selectorAutoRebuildThreshold: 512
2021-11-18T23:17:44.788+0530 DEBUG -Dio.netty.allocator.numHeapArenas: 32
2021-11-18T23:17:44.788+0530 DEBUG -Dio.netty.allocator.numDirectArenas: 32
2021-11-18T23:17:44.789+0530 DEBUG -Dio.netty.allocator.pageSize: 8192
2021-11-18T23:17:44.789+0530 DEBUG -Dio.netty.allocator.maxOrder: 11
2021-11-18T23:17:44.789+0530 DEBUG -Dio.netty.allocator.chunkSize: 16777216
2021-11-18T23:17:44.789+0530 DEBUG -Dio.netty.allocator.smallCacheSize: 256
2021-11-18T23:17:44.789+0530 DEBUG -Dio.netty.allocator.normalCacheSize: 64
2021-11-18T23:17:44.789+0530 DEBUG -Dio.netty.allocator.maxCachedBufferCapacity: 32768
2021-11-18T23:17:44.789+0530 DEBUG -Dio.netty.allocator.cacheTrimInterval: 8192
2021-11-18T23:17:44.789+0530 DEBUG -Dio.netty.allocator.cacheTrimIntervalMillis: 0
2021-11-18T23:17:44.789+0530 DEBUG -Dio.netty.allocator.useCacheForAllThreads: true
2021-11-18T23:17:44.789+0530 DEBUG -Dio.netty.allocator.maxCachedByteBuffersPerChunk: 1023
2021-11-18T23:17:44.803+0530 DEBUG -Dio.netty.allocator.type: pooled
2021-11-18T23:17:44.803+0530 DEBUG -Dio.netty.threadLocalDirectBufferSize: 0
2021-11-18T23:17:44.803+0530 DEBUG -Dio.netty.maxThreadLocalCharBufferSize: 16384
2021-11-18T23:17:47.179+0530 DEBUG -Dio.netty.processId: 45136 (auto-detected)
2021-11-18T23:17:47.181+0530 DEBUG -Djava.net.preferIPv4Stack: false
2021-11-18T23:17:47.181+0530 DEBUG -Djava.net.preferIPv6Addresses: false
2021-11-18T23:17:47.189+0530 DEBUG Loopback interface: lo (Software Loopback Interface 1, 127.0.0.1)
2021-11-18T23:17:47.191+0530 DEBUG Failed to get SOMAXCONN from sysctl and file \proc\sys\net\core\somaxconn. Default: 200
2021-11-18T23:17:47.212+0530 DEBUG -Dio.netty.machineId: dc:21:5c:ff:fe:36:73:38 (auto-detected)
2021-11-18T23:17:47.273+0530 DEBUG -Dio.netty.buffer.checkAccessible: true
2021-11-18T23:17:47.273+0530 DEBUG -Dio.netty.buffer.checkBounds: true
2021-11-18T23:17:47.273+0530 DEBUG Loaded default ResourceLeakDetector: io.netty.util.ResourceLeakDetector@7c85641b
2021-11-18T23:17:47.297+0530 DEBUG -Dio.netty.recycler.maxCapacityPerThread: 4096
2021-11-18T23:17:47.297+0530 DEBUG -Dio.netty.recycler.maxSharedCapacityFactor: 2
2021-11-18T23:17:47.297+0530 DEBUG -Dio.netty.recycler.linkCapacity: 16
2021-11-18T23:17:47.297+0530 DEBUG -Dio.netty.recycler.ratio: 8
2021-11-18T23:17:47.298+0530 DEBUG -Dio.netty.recycler.delayedQueue.ratio: 8
2021-11-18T23:17:48.479+0530 DEBUG brotli4j not in the classpath; Brotli support will be unavailable.
2021-11-18T23:17:48.608+0530 DEBUG -Dio.netty.initialSeedUniquifier: 0xacfd509c4224bd5f
2021-11-18T23:17:48.676+0530 DEBUG Browser is opened
2021-11-18T23:17:48.676+0530 DEBUG beforeAnyCall
2021-11-18T23:17:48.676+0530 DEBUG beforeAnyWebDriverCall:ChromeDriver: chrome on WINDOWS (f7358e7a4ebf3eb55a2fb91c5e84c426)
2021-11-18T23:17:48.679+0530 DEBUG beforeGet:ChromeDriver: chrome on WINDOWS (f7358e7a4ebf3eb55a2fb91c5e84c426)
2021-11-18T23:18:09.430+0530 DEBUG afterGet:ChromeDriver: chrome on WINDOWS (f7358e7a4ebf3eb55a2fb91c5e84c426)
2021-11-18T23:18:09.431+0530 DEBUG afterAnyWebDriverCall:ChromeDriver: chrome on WINDOWS (f7358e7a4ebf3eb55a2fb91c5e84c426)
2021-11-18T23:18:09.431+0530 DEBUG afterAnyCall
2021-11-18T23:18:09.432+0530 DEBUG Browser is opened and URL is loaded
2021-11-18T23:18:09.432+0530 DEBUG beforeAnyCall
2021-11-18T23:18:09.433+0530 DEBUG beforeAnyWebDriverCall:ChromeDriver: chrome on WINDOWS (f7358e7a4ebf3eb55a2fb91c5e84c426)
2021-11-18T23:18:09.433+0530 DEBUG beforeFindElement:ChromeDriver: chrome on WINDOWS (f7358e7a4ebf3eb55a2fb91c5e84c426) locator:By.name: q
2021-11-18T23:18:09.475+0530 DEBUG afterFindElement:ChromeDriver: chrome on WINDOWS (f7358e7a4ebf3eb55a2fb91c5e84c426) locator:By.name: q result:Decorated {[[ChromeDriver: chrome on WINDOWS (f7358e7a4ebf3eb55a2fb91c5e84c426)] -> name: q]}
2021-11-18T23:18:09.475+0530 DEBUG afterAnyWebDriverCall:ChromeDriver: chrome on WINDOWS (f7358e7a4ebf3eb55a2fb91c5e84c426)
2021-11-18T23:18:09.476+0530 DEBUG afterAnyCall
2021-11-18T23:18:09.476+0530 DEBUG beforeAnyCall
2021-11-18T23:18:09.540+0530 DEBUG afterAnyCall
2021-11-18T23:18:09.545+0530 DEBUG beforeAnyCall
2021-11-18T23:18:09.545+0530 DEBUG beforeSendKeys: Text is yet to be entered [Ljava.lang.CharSequence;@16662c9d
2021-11-18T23:18:10.726+0530 DEBUG afterSendKeys: Text entered [Ljava.lang.CharSequence;@16662c9d
2021-11-18T23:18:10.727+0530 DEBUG afterAnyCall
2021-11-18T23:18:10.736+0530 DEBUG Hello World is entered into search bar
2021-11-18T23:18:10.737+0530 DEBUG beforeAnyCall
2021-11-18T23:18:10.738+0530 DEBUG beforeAnyWebDriverCall:ChromeDriver: chrome on WINDOWS (f7358e7a4ebf3eb55a2fb91c5e84c426)
2021-11-18T23:18:11.074+0530 DEBUG afterAnyWebDriverCall:ChromeDriver: chrome on WINDOWS (null)
2021-11-18T23:18:11.075+0530 DEBUG afterAnyCall
2021-11-18T23:18:12.060+0530 DEBUG saveReport() is triggered and report is flushed/saved
19-11-2021-15:11:13.162+0530 DEBUG startExtentReport() is triggered and extent report is started 
19-11-2021-15:11:13.184+0530 DEBUG createNewTest(String desc, String testName) is triggered and new test is created with desc as Open Google and Search and testName as T001_Google 
19-11-2021-15:11:14.143+0530 DEBUG Browser is about to open 
19-11-2021-15:11:14.217+0530 DEBUG Using Log4J2 as the default logging framework 
19-11-2021-15:11:14.221+0530 DEBUG -Dio.netty.leakDetection.level: simple 
19-11-2021-15:11:14.222+0530 DEBUG -Dio.netty.leakDetection.targetRecords: 4 
19-11-2021-15:11:14.225+0530 DEBUG Loaded default ResourceLeakDetector: io.netty.util.ResourceLeakDetector@8f6fe0e 
19-11-2021-15:11:14.237+0530 DEBUG -Dio.netty.noUnsafe: false 
19-11-2021-15:11:14.238+0530 DEBUG Java version: 16 
19-11-2021-15:11:14.239+0530 DEBUG sun.misc.Unsafe.theUnsafe: available 
19-11-2021-15:11:14.240+0530 DEBUG sun.misc.Unsafe.copyMemory: available 
19-11-2021-15:11:14.240+0530 DEBUG java.nio.Buffer.address: available 
19-11-2021-15:11:14.241+0530 DEBUG direct buffer constructor: unavailable 
java.lang.UnsupportedOperationException: Reflective setAccessible(true) disabled
	at io.netty.util.internal.ReflectionUtil.trySetAccessible(ReflectionUtil.java:31) ~[netty-common-4.1.68.Final.jar:4.1.68.Final]
	at io.netty.util.internal.PlatformDependent0$4.run(PlatformDependent0.java:253) ~[netty-common-4.1.68.Final.jar:4.1.68.Final]
	at java.security.AccessController.doPrivileged(AccessController.java:312) ~[?:?]
	at io.netty.util.internal.PlatformDependent0.<clinit>(PlatformDependent0.java:247) [netty-common-4.1.68.Final.jar:4.1.68.Final]
	at io.netty.util.internal.PlatformDependent.isAndroid(PlatformDependent.java:294) [netty-common-4.1.68.Final.jar:4.1.68.Final]
	at io.netty.util.internal.PlatformDependent.<clinit>(PlatformDependent.java:88) [netty-common-4.1.68.Final.jar:4.1.68.Final]
	at io.netty.util.HashedWheelTimer.<init>(HashedWheelTimer.java:112) [netty-common-4.1.68.Final.jar:4.1.68.Final]
	at io.netty.util.HashedWheelTimer.<init>(HashedWheelTimer.java:221) [netty-common-4.1.68.Final.jar:4.1.68.Final]
	at io.netty.util.HashedWheelTimer.<init>(HashedWheelTimer.java:200) [netty-common-4.1.68.Final.jar:4.1.68.Final]
	at org.asynchttpclient.DefaultAsyncHttpClient.newNettyTimer(DefaultAsyncHttpClient.java:111) [async-http-client-2.12.3.jar:?]
	at org.asynchttpclient.DefaultAsyncHttpClient.<init>(DefaultAsyncHttpClient.java:90) [async-http-client-2.12.3.jar:?]
	at org.asynchttpclient.Dsl.asyncHttpClient(Dsl.java:32) [async-http-client-2.12.3.jar:?]
	at org.openqa.selenium.remote.http.netty.NettyClient.createHttpClient(NettyClient.java:114) [selenium-remote-driver-4.0.0.jar:?]
	at org.openqa.selenium.remote.http.netty.NettyClient.<clinit>(NettyClient.java:57) [selenium-remote-driver-4.0.0.jar:?]
	at org.openqa.selenium.remote.http.netty.NettyClient$Factory.createClient(NettyClient.java:163) [selenium-remote-driver-4.0.0.jar:?]
	at org.openqa.selenium.remote.HttpCommandExecutor.<init>(HttpCommandExecutor.java:107) [selenium-remote-driver-4.0.0.jar:?]
	at org.openqa.selenium.remote.HttpCommandExecutor.<init>(HttpCommandExecutor.java:94) [selenium-remote-driver-4.0.0.jar:?]
	at org.openqa.selenium.remote.HttpCommandExecutor.<init>(HttpCommandExecutor.java:85) [selenium-remote-driver-4.0.0.jar:?]
	at org.openqa.selenium.remote.service.DriverCommandExecutor.<init>(DriverCommandExecutor.java:77) [selenium-remote-driver-4.0.0.jar:?]
	at org.openqa.selenium.chromium.ChromiumDriverCommandExecutor.<init>(ChromiumDriverCommandExecutor.java:35) [selenium-chromium-driver-4.0.0.jar:?]
	at org.openqa.selenium.chrome.ChromeDriver$ChromeDriverCommandExecutor.<init>(ChromeDriver.java:111) [selenium-chrome-driver-4.0.0.jar:?]
	at org.openqa.selenium.chrome.ChromeDriver.<init>(ChromeDriver.java:104) [selenium-chrome-driver-4.0.0.jar:?]
	at org.openqa.selenium.chrome.ChromeDriver.<init>(ChromeDriver.java:91) [selenium-chrome-driver-4.0.0.jar:?]
	at org.openqa.selenium.chrome.ChromeDriver.<init>(ChromeDriver.java:46) [selenium-chrome-driver-4.0.0.jar:?]
	at testscripts.T001_Google.openGoogle(T001_Google.java:35) [test-classes/:?]
	at jdk.internal.reflect.NativeMethodAccessorImpl.invoke0(Native Method) ~[?:?]
	at jdk.internal.reflect.NativeMethodAccessorImpl.invoke(NativeMethodAccessorImpl.java:78) ~[?:?]
	at jdk.internal.reflect.DelegatingMethodAccessorImpl.invoke(DelegatingMethodAccessorImpl.java:43) ~[?:?]
	at java.lang.reflect.Method.invoke(Method.java:567) ~[?:?]
	at org.testng.internal.MethodInvocationHelper.invokeMethod(MethodInvocationHelper.java:133) [testng-7.4.0.jar:7.4.0]
	at org.testng.internal.MethodInvocationHelper$1.runTestMethod(MethodInvocationHelper.java:239) [testng-7.4.0.jar:7.4.0]
	at listeners.MyTestNGListenersImpl.run(MyTestNGListenersImpl.java:77) [test-classes/:?]
	at org.testng.internal.MethodInvocationHelper.invokeHookable(MethodInvocationHelper.java:253) [testng-7.4.0.jar:7.4.0]
	at org.testng.internal.TestInvoker.invokeMethod(TestInvoker.java:594) [testng-7.4.0.jar:7.4.0]
	at org.testng.internal.TestInvoker.invokeTestMethod(TestInvoker.java:173) [testng-7.4.0.jar:7.4.0]
	at org.testng.internal.MethodRunner.runInSequence(MethodRunner.java:46) [testng-7.4.0.jar:7.4.0]
	at org.testng.internal.TestInvoker$MethodInvocationAgent.invoke(TestInvoker.java:824) [testng-7.4.0.jar:7.4.0]
	at org.testng.internal.TestInvoker.invokeTestMethods(TestInvoker.java:146) [testng-7.4.0.jar:7.4.0]
	at org.testng.internal.TestMethodWorker.invokeTestMethods(TestMethodWorker.java:146) [testng-7.4.0.jar:7.4.0]
	at org.testng.internal.TestMethodWorker.run(TestMethodWorker.java:128) [testng-7.4.0.jar:7.4.0]
	at java.util.concurrent.ThreadPoolExecutor.runWorker(ThreadPoolExecutor.java:1130) [?:?]
	at java.util.concurrent.ThreadPoolExecutor$Worker.run(ThreadPoolExecutor.java:630) [?:?]
	at java.lang.Thread.run(Thread.java:831) [?:?]
19-11-2021-15:11:14.247+0530 DEBUG java.nio.Bits.unaligned: available, true 
19-11-2021-15:11:14.248+0530 DEBUG jdk.internal.misc.Unsafe.allocateUninitializedArray(int): unavailable 
java.lang.IllegalAccessException: class io.netty.util.internal.PlatformDependent0$6 cannot access class jdk.internal.misc.Unsafe (in module java.base) because module java.base does not export jdk.internal.misc to unnamed module @234bef66
	at jdk.internal.reflect.Reflection.newIllegalAccessException(Reflection.java:385) ~[?:?]
	at java.lang.reflect.AccessibleObject.checkAccess(AccessibleObject.java:687) ~[?:?]
	at java.lang.reflect.Method.invoke(Method.java:559) ~[?:?]
	at io.netty.util.internal.PlatformDependent0$6.run(PlatformDependent0.java:375) ~[netty-common-4.1.68.Final.jar:4.1.68.Final]
	at java.security.AccessController.doPrivileged(AccessController.java:312) ~[?:?]
	at io.netty.util.internal.PlatformDependent0.<clinit>(PlatformDependent0.java:366) [netty-common-4.1.68.Final.jar:4.1.68.Final]
	at io.netty.util.internal.PlatformDependent.isAndroid(PlatformDependent.java:294) [netty-common-4.1.68.Final.jar:4.1.68.Final]
	at io.netty.util.internal.PlatformDependent.<clinit>(PlatformDependent.java:88) [netty-common-4.1.68.Final.jar:4.1.68.Final]
	at io.netty.util.HashedWheelTimer.<init>(HashedWheelTimer.java:112) [netty-common-4.1.68.Final.jar:4.1.68.Final]
	at io.netty.util.HashedWheelTimer.<init>(HashedWheelTimer.java:221) [netty-common-4.1.68.Final.jar:4.1.68.Final]
	at io.netty.util.HashedWheelTimer.<init>(HashedWheelTimer.java:200) [netty-common-4.1.68.Final.jar:4.1.68.Final]
	at org.asynchttpclient.DefaultAsyncHttpClient.newNettyTimer(DefaultAsyncHttpClient.java:111) [async-http-client-2.12.3.jar:?]
	at org.asynchttpclient.DefaultAsyncHttpClient.<init>(DefaultAsyncHttpClient.java:90) [async-http-client-2.12.3.jar:?]
	at org.asynchttpclient.Dsl.asyncHttpClient(Dsl.java:32) [async-http-client-2.12.3.jar:?]
	at org.openqa.selenium.remote.http.netty.NettyClient.createHttpClient(NettyClient.java:114) [selenium-remote-driver-4.0.0.jar:?]
	at org.openqa.selenium.remote.http.netty.NettyClient.<clinit>(NettyClient.java:57) [selenium-remote-driver-4.0.0.jar:?]
	at org.openqa.selenium.remote.http.netty.NettyClient$Factory.createClient(NettyClient.java:163) [selenium-remote-driver-4.0.0.jar:?]
	at org.openqa.selenium.remote.HttpCommandExecutor.<init>(HttpCommandExecutor.java:107) [selenium-remote-driver-4.0.0.jar:?]
	at org.openqa.selenium.remote.HttpCommandExecutor.<init>(HttpCommandExecutor.java:94) [selenium-remote-driver-4.0.0.jar:?]
	at org.openqa.selenium.remote.HttpCommandExecutor.<init>(HttpCommandExecutor.java:85) [selenium-remote-driver-4.0.0.jar:?]
	at org.openqa.selenium.remote.service.DriverCommandExecutor.<init>(DriverCommandExecutor.java:77) [selenium-remote-driver-4.0.0.jar:?]
	at org.openqa.selenium.chromium.ChromiumDriverCommandExecutor.<init>(ChromiumDriverCommandExecutor.java:35) [selenium-chromium-driver-4.0.0.jar:?]
	at org.openqa.selenium.chrome.ChromeDriver$ChromeDriverCommandExecutor.<init>(ChromeDriver.java:111) [selenium-chrome-driver-4.0.0.jar:?]
	at org.openqa.selenium.chrome.ChromeDriver.<init>(ChromeDriver.java:104) [selenium-chrome-driver-4.0.0.jar:?]
	at org.openqa.selenium.chrome.ChromeDriver.<init>(ChromeDriver.java:91) [selenium-chrome-driver-4.0.0.jar:?]
	at org.openqa.selenium.chrome.ChromeDriver.<init>(ChromeDriver.java:46) [selenium-chrome-driver-4.0.0.jar:?]
	at testscripts.T001_Google.openGoogle(T001_Google.java:35) [test-classes/:?]
	at jdk.internal.reflect.NativeMethodAccessorImpl.invoke0(Native Method) ~[?:?]
	at jdk.internal.reflect.NativeMethodAccessorImpl.invoke(NativeMethodAccessorImpl.java:78) ~[?:?]
	at jdk.internal.reflect.DelegatingMethodAccessorImpl.invoke(DelegatingMethodAccessorImpl.java:43) ~[?:?]
	at java.lang.reflect.Method.invoke(Method.java:567) ~[?:?]
	at org.testng.internal.MethodInvocationHelper.invokeMethod(MethodInvocationHelper.java:133) [testng-7.4.0.jar:7.4.0]
	at org.testng.internal.MethodInvocationHelper$1.runTestMethod(MethodInvocationHelper.java:239) [testng-7.4.0.jar:7.4.0]
	at listeners.MyTestNGListenersImpl.run(MyTestNGListenersImpl.java:77) [test-classes/:?]
	at org.testng.internal.MethodInvocationHelper.invokeHookable(MethodInvocationHelper.java:253) [testng-7.4.0.jar:7.4.0]
	at org.testng.internal.TestInvoker.invokeMethod(TestInvoker.java:594) [testng-7.4.0.jar:7.4.0]
	at org.testng.internal.TestInvoker.invokeTestMethod(TestInvoker.java:173) [testng-7.4.0.jar:7.4.0]
	at org.testng.internal.MethodRunner.runInSequence(MethodRunner.java:46) [testng-7.4.0.jar:7.4.0]
	at org.testng.internal.TestInvoker$MethodInvocationAgent.invoke(TestInvoker.java:824) [testng-7.4.0.jar:7.4.0]
	at org.testng.internal.TestInvoker.invokeTestMethods(TestInvoker.java:146) [testng-7.4.0.jar:7.4.0]
	at org.testng.internal.TestMethodWorker.invokeTestMethods(TestMethodWorker.java:146) [testng-7.4.0.jar:7.4.0]
	at org.testng.internal.TestMethodWorker.run(TestMethodWorker.java:128) [testng-7.4.0.jar:7.4.0]
	at java.util.concurrent.ThreadPoolExecutor.runWorker(ThreadPoolExecutor.java:1130) [?:?]
	at java.util.concurrent.ThreadPoolExecutor$Worker.run(ThreadPoolExecutor.java:630) [?:?]
	at java.lang.Thread.run(Thread.java:831) [?:?]
19-11-2021-15:11:14.250+0530 DEBUG java.nio.DirectByteBuffer.<init>(long, int): unavailable 
19-11-2021-15:11:14.250+0530 DEBUG sun.misc.Unsafe: available 
19-11-2021-15:11:14.250+0530 DEBUG maxDirectMemory: 4227858432 bytes (maybe) 
19-11-2021-15:11:14.251+0530 DEBUG -Dio.netty.tmpdir: C:\Users\tamil\AppData\Local\Temp (java.io.tmpdir) 
19-11-2021-15:11:14.251+0530 DEBUG -Dio.netty.bitMode: 64 (sun.arch.data.model) 
19-11-2021-15:11:14.251+0530 DEBUG Platform: Windows 
19-11-2021-15:11:14.251+0530 DEBUG -Dio.netty.maxDirectMemory: -1 bytes 
19-11-2021-15:11:14.252+0530 DEBUG -Dio.netty.uninitializedArrayAllocationThreshold: -1 
19-11-2021-15:11:14.253+0530 DEBUG java.nio.ByteBuffer.cleaner(): available 
19-11-2021-15:11:14.253+0530 DEBUG -Dio.netty.noPreferDirect: false 
19-11-2021-15:11:14.258+0530 DEBUG org.jctools-core.MpscChunkedArrayQueue: available 
19-11-2021-15:11:14.277+0530 DEBUG -Dio.netty.threadLocalMap.stringBuilder.initialSize: 1024 
19-11-2021-15:11:14.277+0530 DEBUG -Dio.netty.threadLocalMap.stringBuilder.maxSize: 4096 
19-11-2021-15:11:14.290+0530 DEBUG Default protocols (JDK): [TLSv1.3, TLSv1.2]  
19-11-2021-15:11:14.290+0530 DEBUG Default cipher suites (JDK): [TLS_ECDHE_ECDSA_WITH_AES_256_GCM_SHA384, TLS_ECDHE_ECDSA_WITH_AES_128_GCM_SHA256, TLS_ECDHE_RSA_WITH_AES_128_GCM_SHA256, TLS_ECDHE_RSA_WITH_AES_256_GCM_SHA384, TLS_ECDHE_RSA_WITH_AES_128_CBC_SHA, TLS_ECDHE_RSA_WITH_AES_256_CBC_SHA, TLS_RSA_WITH_AES_128_GCM_SHA256, TLS_RSA_WITH_AES_128_CBC_SHA, TLS_RSA_WITH_AES_256_CBC_SHA, TLS_AES_128_GCM_SHA256, TLS_AES_256_GCM_SHA384] 
19-11-2021-15:11:14.312+0530 DEBUG -Dio.netty.eventLoopThreads: 32 
19-11-2021-15:11:14.320+0530 DEBUG -Dio.netty.noKeySetOptimization: false 
19-11-2021-15:11:14.320+0530 DEBUG -Dio.netty.selectorAutoRebuildThreshold: 512 
19-11-2021-15:11:14.381+0530 DEBUG -Dio.netty.allocator.numHeapArenas: 32 
19-11-2021-15:11:14.382+0530 DEBUG -Dio.netty.allocator.numDirectArenas: 32 
19-11-2021-15:11:14.382+0530 DEBUG -Dio.netty.allocator.pageSize: 8192 
19-11-2021-15:11:14.382+0530 DEBUG -Dio.netty.allocator.maxOrder: 11 
19-11-2021-15:11:14.382+0530 DEBUG -Dio.netty.allocator.chunkSize: 16777216 
19-11-2021-15:11:14.382+0530 DEBUG -Dio.netty.allocator.smallCacheSize: 256 
19-11-2021-15:11:14.382+0530 DEBUG -Dio.netty.allocator.normalCacheSize: 64 
19-11-2021-15:11:14.382+0530 DEBUG -Dio.netty.allocator.maxCachedBufferCapacity: 32768 
19-11-2021-15:11:14.382+0530 DEBUG -Dio.netty.allocator.cacheTrimInterval: 8192 
19-11-2021-15:11:14.382+0530 DEBUG -Dio.netty.allocator.cacheTrimIntervalMillis: 0 
19-11-2021-15:11:14.382+0530 DEBUG -Dio.netty.allocator.useCacheForAllThreads: true 
19-11-2021-15:11:14.382+0530 DEBUG -Dio.netty.allocator.maxCachedByteBuffersPerChunk: 1023 
19-11-2021-15:11:14.392+0530 DEBUG -Dio.netty.allocator.type: pooled 
19-11-2021-15:11:14.392+0530 DEBUG -Dio.netty.threadLocalDirectBufferSize: 0 
19-11-2021-15:11:14.392+0530 DEBUG -Dio.netty.maxThreadLocalCharBufferSize: 16384 
19-11-2021-15:11:15.632+0530 DEBUG -Dio.netty.processId: 38096 (auto-detected) 
19-11-2021-15:11:15.634+0530 DEBUG -Djava.net.preferIPv4Stack: false 
19-11-2021-15:11:15.634+0530 DEBUG -Djava.net.preferIPv6Addresses: false 
19-11-2021-15:11:15.640+0530 DEBUG Loopback interface: lo (Software Loopback Interface 1, 127.0.0.1) 
19-11-2021-15:11:15.641+0530 DEBUG Failed to get SOMAXCONN from sysctl and file \proc\sys\net\core\somaxconn. Default: 200 
19-11-2021-15:11:15.658+0530 DEBUG -Dio.netty.machineId: dc:21:5c:ff:fe:36:73:38 (auto-detected) 
19-11-2021-15:11:15.697+0530 DEBUG -Dio.netty.buffer.checkAccessible: true 
19-11-2021-15:11:15.697+0530 DEBUG -Dio.netty.buffer.checkBounds: true 
19-11-2021-15:11:15.697+0530 DEBUG Loaded default ResourceLeakDetector: io.netty.util.ResourceLeakDetector@42cc3ae6 
19-11-2021-15:11:15.714+0530 DEBUG -Dio.netty.recycler.maxCapacityPerThread: 4096 
19-11-2021-15:11:15.714+0530 DEBUG -Dio.netty.recycler.maxSharedCapacityFactor: 2 
19-11-2021-15:11:15.714+0530 DEBUG -Dio.netty.recycler.linkCapacity: 16 
19-11-2021-15:11:15.714+0530 DEBUG -Dio.netty.recycler.ratio: 8 
19-11-2021-15:11:15.714+0530 DEBUG -Dio.netty.recycler.delayedQueue.ratio: 8 
19-11-2021-15:11:16.532+0530 DEBUG brotli4j not in the classpath; Brotli support will be unavailable. 
19-11-2021-15:11:16.626+0530 DEBUG -Dio.netty.initialSeedUniquifier: 0xaf0f5f6410ef41dd 
19-11-2021-15:11:16.673+0530 DEBUG Browser is opened 
19-11-2021-15:11:16.673+0530 DEBUG Webdriver Listener beforeAnyCall 
19-11-2021-15:11:16.674+0530 DEBUG Webdriver Listener beforeAnyWebDriverCall:ChromeDriver: chrome on WINDOWS (5155051f2270853add9e2a9bc0d9996f) 
19-11-2021-15:11:16.676+0530 DEBUG Webdriver Listener beforeGet:ChromeDriver: chrome on WINDOWS (5155051f2270853add9e2a9bc0d9996f) 
19-11-2021-15:11:37.990+0530 DEBUG Webdriver Listener afterGet:ChromeDriver: chrome on WINDOWS (5155051f2270853add9e2a9bc0d9996f) 
19-11-2021-15:11:37.990+0530 DEBUG Webdriver Listener afterAnyWebDriverCall:ChromeDriver: chrome on WINDOWS (5155051f2270853add9e2a9bc0d9996f) 
19-11-2021-15:11:37.990+0530 DEBUG Webdriver Listener afterAnyCall 
19-11-2021-15:11:37.990+0530 DEBUG Browser is opened and URL is loaded 
19-11-2021-15:11:37.991+0530 DEBUG Webdriver Listener beforeAnyCall 
19-11-2021-15:11:37.991+0530 DEBUG Webdriver Listener beforeAnyWebDriverCall:ChromeDriver: chrome on WINDOWS (5155051f2270853add9e2a9bc0d9996f) 
19-11-2021-15:11:37.991+0530 DEBUG Webdriver Listener beforeFindElement(WebDriver driver, By locator):ChromeDriver: chrome on WINDOWS (5155051f2270853add9e2a9bc0d9996f) locator:By.name: q 
19-11-2021-15:11:38.003+0530 DEBUG Webdriver Listener afterFindElement(WebDriver driver, By locator, WebElement result):ChromeDriver: chrome on WINDOWS (5155051f2270853add9e2a9bc0d9996f) locator:By.name: q result:Decorated {[[ChromeDriver: chrome on WINDOWS (5155051f2270853add9e2a9bc0d9996f)] -> name: q]} 
19-11-2021-15:11:38.003+0530 DEBUG Webdriver Listener afterAnyWebDriverCall:ChromeDriver: chrome on WINDOWS (5155051f2270853add9e2a9bc0d9996f) 
19-11-2021-15:11:38.004+0530 DEBUG Webdriver Listener afterAnyCall 
19-11-2021-15:11:38.004+0530 DEBUG Webdriver Listener beforeAnyCall 
19-11-2021-15:11:38.004+0530 DEBUG Webdriver Listener   
19-11-2021-15:11:38.023+0530 DEBUG Webdriver Listener   
19-11-2021-15:11:38.023+0530 DEBUG Webdriver Listener   
19-11-2021-15:11:38.023+0530 DEBUG Webdriver Listener afterAnyCall 
19-11-2021-15:11:38.024+0530 DEBUG Webdriver Listener beforeAnyCall 
19-11-2021-15:11:38.025+0530 DEBUG Webdriver Listener beforeSendKeys(WebElement element, CharSequence... keysToSend): Text yet to be entered is [Ljava.lang.CharSequence;@b74f061 
19-11-2021-15:11:39.619+0530 DEBUG Webdriver Listener afterSendKeys(WebElement element, CharSequence... keysToSend): Text entered is [Ljava.lang.CharSequence;@b74f061 
19-11-2021-15:11:39.619+0530 DEBUG Webdriver Listener   
19-11-2021-15:11:39.620+0530 DEBUG Webdriver Listener afterAnyCall 
19-11-2021-15:11:39.622+0530 DEBUG Hello World is entered into search bar 
19-11-2021-15:11:39.622+0530 DEBUG Webdriver Listener beforeAnyCall 
19-11-2021-15:11:39.622+0530 DEBUG Webdriver Listener beforeAnyWebDriverCall:ChromeDriver: chrome on WINDOWS (5155051f2270853add9e2a9bc0d9996f) 
19-11-2021-15:11:39.627+0530 DEBUG Webdriver Listener beforeGetWindowHandles(WebDriver driver):ChromeDriver: chrome on WINDOWS (5155051f2270853add9e2a9bc0d9996f) | Windows Count:1 
19-11-2021-15:11:39.631+0530 DEBUG Webdriver Listener afterGetWindowHandles(WebDriver driver, Set<String> result):ChromeDriver: chrome on WINDOWS (5155051f2270853add9e2a9bc0d9996f) | Windows Count:1 
19-11-2021-15:11:39.632+0530 DEBUG Webdriver Listener afterAnyWebDriverCall:ChromeDriver: chrome on WINDOWS (5155051f2270853add9e2a9bc0d9996f) 
19-11-2021-15:11:39.632+0530 DEBUG Webdriver Listener afterAnyCall 
19-11-2021-15:11:39.632+0530 DEBUG Webdriver Listener beforeAnyCall 
19-11-2021-15:11:39.632+0530 DEBUG Webdriver Listener beforeAnyWebDriverCall:ChromeDriver: chrome on WINDOWS (5155051f2270853add9e2a9bc0d9996f) 
19-11-2021-15:11:39.632+0530 DEBUG Webdriver Listener beforeQuit(WebDriver driver): ChromeDriver: chrome on WINDOWS (5155051f2270853add9e2a9bc0d9996f) 
19-11-2021-15:11:39.736+0530 DEBUG Webdriver Listener afterQuit(WebDriver driver): ChromeDriver: chrome on WINDOWS (null) 
19-11-2021-15:11:39.736+0530 DEBUG Webdriver Listener afterAnyWebDriverCall:ChromeDriver: chrome on WINDOWS (null) 
19-11-2021-15:11:39.737+0530 DEBUG Webdriver Listener afterAnyCall 
19-11-2021-15:11:39.934+0530 DEBUG saveReport() is triggered and report is flushed/saved 
